#! /c/Source/iverilog-install/bin/vvp
:ivl_version "12.0 (devel)" "(s20150603-1539-g2693dd32b)";
:ivl_delay_selection "TYPICAL";
:vpi_time_precision - 9;
:vpi_module "C:\iverilog\lib\ivl\system.vpi";
:vpi_module "C:\iverilog\lib\ivl\vhdl_sys.vpi";
:vpi_module "C:\iverilog\lib\ivl\vhdl_textio.vpi";
:vpi_module "C:\iverilog\lib\ivl\v2005_math.vpi";
:vpi_module "C:\iverilog\lib\ivl\va_math.vpi";
S_0000024b7a5f9ab0 .scope module, "tt_um_jk2102_tb" "tt_um_jk2102_tb" 2 3;
 .timescale -6 -9;
L_0000024b7a5f44c0 .functor BUFZ 1, L_0000024b7a660950, C4<0>, C4<0>, C4<0>;
L_0000024b7a5f4ed0 .functor BUFZ 1, L_0000024b7a6aceb0, C4<0>, C4<0>, C4<0>;
v0000024b7a65fca0_0 .net *"_ivl_12", 5 0, L_0000024b7a660810;  1 drivers
v0000024b7a65ed00_0 .net *"_ivl_14", 0 0, L_0000024b7a661030;  1 drivers
v0000024b7a65f0c0_0 .net *"_ivl_21", 5 0, L_0000024b7a6accd0;  1 drivers
v0000024b7a65fd40_0 .net *"_ivl_23", 0 0, L_0000024b7a6adf90;  1 drivers
v0000024b7a65eda0_0 .net *"_ivl_3", 0 0, L_0000024b7a5f44c0;  1 drivers
v0000024b7a65f2a0_0 .net *"_ivl_7", 0 0, L_0000024b7a5f4ed0;  1 drivers
L_0000024b7a6629a0 .functor BUFT 1, C4<000000>, C4<0>, C4<0>, C4<0>;
v0000024b7a65e3a0_0 .net/2u *"_ivl_8", 5 0, L_0000024b7a6629a0;  1 drivers
v0000024b7a65e440_0 .var "clk_tb", 0 0;
v0000024b7a65e940_0 .var "ena_tb", 0 0;
v0000024b7a65ee40_0 .var "rst_n_tb", 0 0;
v0000024b7a6609f0_0 .var "scl_out_tb", 0 0;
v0000024b7a661e90_0 .net "sda_in_tb", 0 0, L_0000024b7a660950;  1 drivers
v0000024b7a661b70_0 .net "sda_oe_tb", 0 0, L_0000024b7a6aceb0;  1 drivers
v0000024b7a661350_0 .var "sda_out_tb", 0 0;
v0000024b7a661490_0 .var "ui_in_tb", 7 0;
v0000024b7a660310_0 .net "uio_oe_tb", 7 0, L_0000024b7a6ad130;  1 drivers
v0000024b7a6606d0_0 .net "uio_out_tb", 7 0, L_0000024b7a660770;  1 drivers
v0000024b7a6612b0_0 .net "uo_out_tb", 7 0, L_0000024b7a661210;  1 drivers
L_0000024b7a660630 .concat [ 1 1 6 0], v0000024b7a6609f0_0, v0000024b7a661350_0, L_0000024b7a6629a0;
L_0000024b7a660770 .concat8 [ 1 1 6 0], L_0000024b7a661030, L_0000024b7a5f44c0, L_0000024b7a660810;
L_0000024b7a660810 .part L_0000024b7a660ef0, 2, 6;
L_0000024b7a660950 .part L_0000024b7a660ef0, 1, 1;
L_0000024b7a661030 .part L_0000024b7a660ef0, 0, 1;
L_0000024b7a6ad130 .concat8 [ 1 1 6 0], L_0000024b7a6adf90, L_0000024b7a5f4ed0, L_0000024b7a6accd0;
L_0000024b7a6accd0 .part L_0000024b7a660590, 2, 6;
L_0000024b7a6aceb0 .part L_0000024b7a660590, 1, 1;
L_0000024b7a6adf90 .part L_0000024b7a660590, 0, 1;
S_0000024b7a5c4780 .scope module, "dut" "tt_um_jk2102" 2 20, 3 4 0, S_0000024b7a5f9ab0;
 .timescale 0 0;
    .port_info 0 /INPUT 8 "ui_in";
    .port_info 1 /OUTPUT 8 "uo_out";
    .port_info 2 /INPUT 8 "uio_in";
    .port_info 3 /OUTPUT 8 "uio_out";
    .port_info 4 /OUTPUT 8 "uio_oe";
    .port_info 5 /INPUT 1 "ena";
    .port_info 6 /INPUT 1 "clk";
    .port_info 7 /INPUT 1 "rst_n";
L_0000024b7a5f4370 .functor AND 1, v0000024b7a65e940_0, L_0000024b7a5f4ca0, C4<1>, C4<1>;
L_0000024b7a5f4e60 .functor AND 1, L_0000024b7a5f4370, L_0000024b7a661f30, C4<1>, C4<1>;
L_0000024b7a5f45a0 .functor AND 1, v0000024b7a65e940_0, L_0000024b7a5f4ca0, C4<1>, C4<1>;
L_0000024b7a662058 .functor BUFT 1, C4<0>, C4<0>, C4<0>, C4<0>;
v0000024b7a65dd30_0 .net/2u *"_ivl_0", 0 0, L_0000024b7a662058;  1 drivers
v0000024b7a65ddd0_0 .net *"_ivl_12", 0 0, L_0000024b7a5f4370;  1 drivers
v0000024b7a65c1b0_0 .net *"_ivl_15", 0 0, L_0000024b7a661f30;  1 drivers
L_0000024b7a662520 .functor BUFT 1, C4<0>, C4<0>, C4<0>, C4<0>;
v0000024b7a65c250_0 .net/2u *"_ivl_24", 0 0, L_0000024b7a662520;  1 drivers
L_0000024b7a662568 .functor BUFT 1, C4<0>, C4<0>, C4<0>, C4<0>;
v0000024b7a65c390_0 .net/2u *"_ivl_26", 0 0, L_0000024b7a662568;  1 drivers
L_0000024b7a6625b0 .functor BUFT 1, C4<0>, C4<0>, C4<0>, C4<0>;
v0000024b7a65c430_0 .net/2u *"_ivl_28", 0 0, L_0000024b7a6625b0;  1 drivers
L_0000024b7a6625f8 .functor BUFT 1, C4<0>, C4<0>, C4<0>, C4<0>;
v0000024b7a65c4d0_0 .net/2u *"_ivl_30", 0 0, L_0000024b7a6625f8;  1 drivers
L_0000024b7a662640 .functor BUFT 1, C4<0>, C4<0>, C4<0>, C4<0>;
v0000024b7a65c570_0 .net/2u *"_ivl_32", 0 0, L_0000024b7a662640;  1 drivers
L_0000024b7a662688 .functor BUFT 1, C4<0>, C4<0>, C4<0>, C4<0>;
v0000024b7a65c610_0 .net/2u *"_ivl_34", 0 0, L_0000024b7a662688;  1 drivers
L_0000024b7a6626d0 .functor BUFT 1, C4<0>, C4<0>, C4<0>, C4<0>;
v0000024b7a65c6b0_0 .net/2u *"_ivl_36", 0 0, L_0000024b7a6626d0;  1 drivers
L_0000024b7a662130 .functor BUFT 1, C4<101>, C4<0>, C4<0>, C4<0>;
v0000024b7a65c750_0 .net/2u *"_ivl_4", 2 0, L_0000024b7a662130;  1 drivers
L_0000024b7a662718 .functor BUFT 1, C4<0>, C4<0>, C4<0>, C4<0>;
v0000024b7a65c7f0_0 .net/2u *"_ivl_40", 0 0, L_0000024b7a662718;  1 drivers
L_0000024b7a662760 .functor BUFT 1, C4<0>, C4<0>, C4<0>, C4<0>;
v0000024b7a65c930_0 .net/2u *"_ivl_42", 0 0, L_0000024b7a662760;  1 drivers
L_0000024b7a6627a8 .functor BUFT 1, C4<0>, C4<0>, C4<0>, C4<0>;
v0000024b7a65c9d0_0 .net/2u *"_ivl_44", 0 0, L_0000024b7a6627a8;  1 drivers
L_0000024b7a6627f0 .functor BUFT 1, C4<0>, C4<0>, C4<0>, C4<0>;
v0000024b7a65e8a0_0 .net/2u *"_ivl_46", 0 0, L_0000024b7a6627f0;  1 drivers
L_0000024b7a662838 .functor BUFT 1, C4<0>, C4<0>, C4<0>, C4<0>;
v0000024b7a65e260_0 .net/2u *"_ivl_48", 0 0, L_0000024b7a662838;  1 drivers
L_0000024b7a662880 .functor BUFT 1, C4<0>, C4<0>, C4<0>, C4<0>;
v0000024b7a65f520_0 .net/2u *"_ivl_50", 0 0, L_0000024b7a662880;  1 drivers
v0000024b7a65e080_0 .net *"_ivl_53", 0 0, L_0000024b7a6604f0;  1 drivers
L_0000024b7a6628c8 .functor BUFT 1, C4<0>, C4<0>, C4<0>, C4<0>;
v0000024b7a65e1c0_0 .net/2u *"_ivl_54", 0 0, L_0000024b7a6628c8;  1 drivers
L_0000024b7a662910 .functor BUFT 1, C4<00111111>, C4<0>, C4<0>, C4<0>;
v0000024b7a65eee0_0 .net/2u *"_ivl_58", 7 0, L_0000024b7a662910;  1 drivers
L_0000024b7a662958 .functor BUFT 1, C4<01000000>, C4<0>, C4<0>, C4<0>;
v0000024b7a65ea80_0 .net/2u *"_ivl_60", 7 0, L_0000024b7a662958;  1 drivers
v0000024b7a65ec60_0 .net *"_ivl_7", 3 0, L_0000024b7a660db0;  1 drivers
v0000024b7a65f5c0_0 .net "clk", 0 0, v0000024b7a65e440_0;  1 drivers
v0000024b7a65f660_0 .net "clk_div", 4 0, L_0000024b7a5f4450;  1 drivers
v0000024b7a65f160_0 .net "count", 7 0, L_0000024b7a5f4c30;  1 drivers
v0000024b7a65f200_0 .net "count_done", 7 0, L_0000024b7a5f4530;  1 drivers
v0000024b7a65e120_0 .net "div_clk", 0 0, L_0000024b7a661c10;  1 drivers
v0000024b7a65e760_0 .net "done", 0 0, v0000024b7a65a420_0;  1 drivers
v0000024b7a65f700_0 .net "ena", 0 0, v0000024b7a65e940_0;  1 drivers
v0000024b7a65ef80_0 .net "period", 15 0, L_0000024b7a6610d0;  1 drivers
v0000024b7a65e9e0_0 .net "pulse_out", 0 0, v0000024b7a65bbe0_0;  1 drivers
v0000024b7a65f980_0 .net "reg_data_addr", 7 0, v0000024b7a5ee4f0_0;  1 drivers
v0000024b7a65f7a0_0 .net "reg_data_in", 7 0, L_0000024b7a6613f0;  1 drivers
v0000024b7a65f840_0 .net "reg_data_out", 7 0, v0000024b7a65a9c0_0;  1 drivers
v0000024b7a65f8e0_0 .net "reg_write", 0 0, v0000024b7a65a740_0;  1 drivers
v0000024b7a65fb60_0 .net "rst_n", 0 0, v0000024b7a65ee40_0;  1 drivers
v0000024b7a65f340_0 .net "rstn_int", 0 0, L_0000024b7a661170;  1 drivers
v0000024b7a65fde0_0 .net "run_ppt", 0 0, L_0000024b7a5f4ca0;  1 drivers
v0000024b7a65f020_0 .net "scl", 0 0, L_0000024b7a660f90;  1 drivers
v0000024b7a65ff20_0 .net "sda", 0 0, L_0000024b7a660130;  1 drivers
v0000024b7a65e580_0 .net "sda_out", 0 0, v0000024b7a65b1e0_0;  1 drivers
v0000024b7a65e6c0_0 .net "ui_in", 7 0, v0000024b7a661490_0;  1 drivers
v0000024b7a65e4e0_0 .net "uio_in", 7 0, L_0000024b7a660630;  1 drivers
v0000024b7a65fa20_0 .net "uio_oe", 7 0, L_0000024b7a660590;  1 drivers
v0000024b7a65eb20_0 .net "uio_out", 7 0, L_0000024b7a660ef0;  1 drivers
v0000024b7a65fac0_0 .net "uo_out", 7 0, L_0000024b7a661210;  alias, 1 drivers
v0000024b7a65e620_0 .net "width", 15 0, L_0000024b7a661df0;  1 drivers
L_0000024b7a661170 .functor MUXZ 1, L_0000024b7a662058, v0000024b7a65ee40_0, v0000024b7a65e940_0, C4<>;
L_0000024b7a660db0 .part v0000024b7a661490_0, 0, 4;
L_0000024b7a660090 .concat [ 4 3 0 0], L_0000024b7a660db0, L_0000024b7a662130;
L_0000024b7a6601d0 .part v0000024b7a5ee4f0_0, 0, 4;
L_0000024b7a661f30 .reduce/nor v0000024b7a65a420_0;
L_0000024b7a660f90 .part L_0000024b7a660630, 0, 1;
L_0000024b7a660130 .part L_0000024b7a660630, 1, 1;
LS_0000024b7a660ef0_0_0 .concat [ 1 1 1 1], L_0000024b7a6626d0, v0000024b7a65b1e0_0, L_0000024b7a662688, L_0000024b7a662640;
LS_0000024b7a660ef0_0_4 .concat [ 1 1 1 1], L_0000024b7a6625f8, L_0000024b7a6625b0, L_0000024b7a662568, L_0000024b7a662520;
L_0000024b7a660ef0 .concat [ 4 4 0 0], LS_0000024b7a660ef0_0_0, LS_0000024b7a660ef0_0_4;
L_0000024b7a6604f0 .reduce/nor v0000024b7a65b1e0_0;
LS_0000024b7a660590_0_0 .concat [ 1 1 1 1], L_0000024b7a6628c8, L_0000024b7a6604f0, L_0000024b7a662880, L_0000024b7a662838;
LS_0000024b7a660590_0_4 .concat [ 1 1 1 1], L_0000024b7a6627f0, L_0000024b7a6627a8, L_0000024b7a662760, L_0000024b7a662718;
L_0000024b7a660590 .concat [ 4 4 0 0], LS_0000024b7a660590_0_0, LS_0000024b7a660590_0_4;
L_0000024b7a661210 .functor MUXZ 8, L_0000024b7a662958, L_0000024b7a662910, v0000024b7a65bbe0_0, C4<>;
S_0000024b7a5c4910 .scope module, "clk_div_inst" "clock_divider" 3 31, 4 3 0, S_0000024b7a5c4780;
 .timescale 0 0;
    .port_info 0 /INPUT 1 "clk";
    .port_info 1 /INPUT 1 "rst_n";
    .port_info 2 /INPUT 5 "sel";
    .port_info 3 /OUTPUT 1 "clk_out";
L_0000024b7a6620a0 .functor BUFT 1, C4<11010>, C4<0>, C4<0>, C4<0>;
v0000024b7a5efad0_0 .net/2u *"_ivl_0", 4 0, L_0000024b7a6620a0;  1 drivers
v0000024b7a5ee9f0_0 .net *"_ivl_2", 0 0, L_0000024b7a660c70;  1 drivers
L_0000024b7a6620e8 .functor BUFT 1, C4<11001>, C4<0>, C4<0>, C4<0>;
v0000024b7a5ef5d0_0 .net/2u *"_ivl_4", 4 0, L_0000024b7a6620e8;  1 drivers
v0000024b7a5ee950_0 .net *"_ivl_6", 4 0, L_0000024b7a660a90;  1 drivers
v0000024b7a5ef2b0_0 .net "clk", 0 0, v0000024b7a65e440_0;  alias, 1 drivers
v0000024b7a5eea90_0 .net "clk_out", 0 0, L_0000024b7a661c10;  alias, 1 drivers
v0000024b7a5edc30_0 .var "counter", 25 0;
v0000024b7a5ef670_0 .net "rst_n", 0 0, L_0000024b7a661170;  alias, 1 drivers
v0000024b7a5ef850_0 .net "sel", 4 0, L_0000024b7a5f4450;  alias, 1 drivers
v0000024b7a5eebd0_0 .var "sel_r", 4 0;
E_0000024b7a5fde10/0 .event negedge, v0000024b7a5ef670_0;
E_0000024b7a5fde10/1 .event posedge, v0000024b7a5ef2b0_0;
E_0000024b7a5fde10 .event/or E_0000024b7a5fde10/0, E_0000024b7a5fde10/1;
L_0000024b7a660c70 .cmp/gt 5, L_0000024b7a6620a0, v0000024b7a5eebd0_0;
L_0000024b7a660a90 .functor MUXZ 5, L_0000024b7a6620e8, v0000024b7a5eebd0_0, L_0000024b7a660c70, C4<>;
L_0000024b7a661c10 .part/v v0000024b7a5edc30_0, L_0000024b7a660a90, 1;
S_0000024b7a5ba1d0 .scope module, "i2c_slave_inst" "i2c_slave" 3 39, 5 3 0, S_0000024b7a5c4780;
 .timescale 0 0;
    .port_info 0 /INPUT 1 "scl";
    .port_info 1 /INPUT 1 "sda";
    .port_info 2 /OUTPUT 1 "sda_out";
    .port_info 3 /INPUT 1 "rstn";
    .port_info 4 /INPUT 7 "slv_addr_in";
    .port_info 5 /INPUT 8 "reg_data_in";
    .port_info 6 /OUTPUT 8 "reg_data_out";
    .port_info 7 /OUTPUT 8 "reg_data_addr";
    .port_info 8 /OUTPUT 1 "reg_write";
P_0000024b7a5ba360 .param/l "ACK_ADDR" 1 5 22, C4<011>;
P_0000024b7a5ba398 .param/l "ACK_DATA" 1 5 25, C4<110>;
P_0000024b7a5ba3d0 .param/l "ADDR" 1 5 21, C4<010>;
P_0000024b7a5ba408 .param/l "IDLE" 1 5 19, C4<000>;
P_0000024b7a5ba440 .param/l "READ" 1 5 23, C4<100>;
P_0000024b7a5ba478 .param/l "STOPorSTART" 1 5 26, C4<111>;
P_0000024b7a5ba4b0 .param/l "WRITE" 1 5 24, C4<101>;
v0000024b7a5ee810_0 .var "bit_count", 2 0;
v0000024b7a5edff0_0 .var "data_in", 7 0;
v0000024b7a5ee130_0 .var "data_out", 7 0;
v0000024b7a5ee090_0 .var "reg_addr_or_data", 0 0;
v0000024b7a5ee4f0_0 .var "reg_data_addr", 7 0;
v0000024b7a65bc80_0 .net "reg_data_in", 7 0, L_0000024b7a6613f0;  alias, 1 drivers
v0000024b7a65a9c0_0 .var "reg_data_out", 7 0;
v0000024b7a65a740_0 .var "reg_write", 0 0;
v0000024b7a65b500_0 .net "rstn", 0 0, L_0000024b7a661170;  alias, 1 drivers
v0000024b7a65b460_0 .net "scl", 0 0, L_0000024b7a660f90;  alias, 1 drivers
v0000024b7a65a7e0_0 .net "sda", 0 0, L_0000024b7a660130;  alias, 1 drivers
v0000024b7a65b1e0_0 .var "sda_out", 0 0;
v0000024b7a65b5a0_0 .var "slave_address", 6 0;
v0000024b7a65b960_0 .net "slv_addr_in", 6 0, L_0000024b7a660090;  1 drivers
v0000024b7a65b320_0 .var "start_pattern", 0 0;
v0000024b7a65ba00_0 .var "state", 2 0;
v0000024b7a65b280_0 .var "stop_pattern", 0 0;
E_0000024b7a5fd990/0 .event negedge, v0000024b7a5ef670_0;
E_0000024b7a5fd990/1 .event posedge, v0000024b7a65b460_0;
E_0000024b7a5fd990 .event/or E_0000024b7a5fd990/0, E_0000024b7a5fd990/1;
E_0000024b7a5fd090 .event negedge, v0000024b7a5ef670_0, v0000024b7a65b460_0;
E_0000024b7a5fdb10/0 .event negedge, v0000024b7a5ef670_0;
E_0000024b7a5fdb10/1 .event posedge, v0000024b7a65a7e0_0;
E_0000024b7a5fdb10 .event/or E_0000024b7a5fdb10/0, E_0000024b7a5fdb10/1;
E_0000024b7a5fded0 .event negedge, v0000024b7a5ef670_0, v0000024b7a65a7e0_0;
S_0000024b7a597460 .scope module, "pulse_counter_inst" "pulse_counter" 3 84, 6 2 0, S_0000024b7a5c4780;
 .timescale 0 0;
    .port_info 0 /INPUT 1 "clk";
    .port_info 1 /INPUT 1 "rst_n";
    .port_info 2 /INPUT 1 "in_pulse";
    .port_info 3 /INPUT 1 "run";
    .port_info 4 /INPUT 8 "load_count";
    .port_info 5 /OUTPUT 8 "count";
    .port_info 6 /OUTPUT 1 "done";
L_0000024b7a5f4530 .functor BUFZ 8, v0000024b7a65a600_0, C4<00000000>, C4<00000000>, C4<00000000>;
v0000024b7a65baa0_0 .net "clk", 0 0, L_0000024b7a661c10;  alias, 1 drivers
v0000024b7a65bdc0_0 .net "count", 7 0, L_0000024b7a5f4530;  alias, 1 drivers
v0000024b7a65a420_0 .var "done", 0 0;
v0000024b7a65bb40_0 .net "in_pulse", 0 0, v0000024b7a65bbe0_0;  alias, 1 drivers
v0000024b7a65a880_0 .net "load_count", 7 0, L_0000024b7a5f4c30;  alias, 1 drivers
v0000024b7a65b640_0 .var "prev_pulse", 0 0;
v0000024b7a65a600_0 .var "pulse_count", 7 0;
v0000024b7a65b3c0_0 .net "rst_n", 0 0, L_0000024b7a661170;  alias, 1 drivers
v0000024b7a65ae20_0 .net "run", 0 0, L_0000024b7a5f45a0;  1 drivers
E_0000024b7a5fda50/0 .event negedge, v0000024b7a5ef670_0;
E_0000024b7a5fda50/1 .event posedge, v0000024b7a5eea90_0;
E_0000024b7a5fda50 .event/or E_0000024b7a5fda50/0, E_0000024b7a5fda50/1;
S_0000024b7a5975f0 .scope module, "pulse_gen_inst" "pulse_generator" 3 74, 7 3 0, S_0000024b7a5c4780;
 .timescale 0 0;
    .port_info 0 /INPUT 1 "clk";
    .port_info 1 /INPUT 1 "rst_n";
    .port_info 2 /INPUT 1 "run";
    .port_info 3 /INPUT 16 "pulse_period";
    .port_info 4 /INPUT 16 "pulse_width";
    .port_info 5 /OUTPUT 1 "pulse_out";
v0000024b7a65a920_0 .net "clk", 0 0, L_0000024b7a661c10;  alias, 1 drivers
v0000024b7a65b6e0_0 .var "counter", 15 0;
v0000024b7a65bbe0_0 .var "pulse_active", 0 0;
v0000024b7a65a2e0_0 .net "pulse_out", 0 0, v0000024b7a65bbe0_0;  alias, 1 drivers
v0000024b7a65ad80_0 .net "pulse_period", 15 0, L_0000024b7a6610d0;  alias, 1 drivers
v0000024b7a65b780_0 .var "pulse_period_r", 15 0;
v0000024b7a65aa60_0 .net "pulse_width", 15 0, L_0000024b7a661df0;  alias, 1 drivers
v0000024b7a65b820_0 .var "pulse_width_r", 15 0;
v0000024b7a65ab00_0 .net "rst_n", 0 0, L_0000024b7a661170;  alias, 1 drivers
v0000024b7a65b8c0_0 .net "run", 0 0, L_0000024b7a5f4e60;  1 drivers
S_0000024b7a59ce10 .scope module, "register_map_inst" "register_map" 3 54, 8 3 0, S_0000024b7a5c4780;
 .timescale 0 0;
    .port_info 0 /INPUT 4 "address";
    .port_info 1 /INPUT 8 "data_in";
    .port_info 2 /OUTPUT 8 "data_out";
    .port_info 3 /INPUT 1 "write_enable";
    .port_info 4 /INPUT 1 "clk";
    .port_info 5 /INPUT 1 "rstn";
    .port_info 6 /OUTPUT 5 "clk_div";
    .port_info 7 /OUTPUT 16 "period";
    .port_info 8 /OUTPUT 16 "width";
    .port_info 9 /OUTPUT 8 "count";
    .port_info 10 /OUTPUT 1 "run_ppt";
    .port_info 11 /INPUT 8 "count_done";
    .port_info 12 /INPUT 1 "done";
L_0000024b7a5f4450 .functor BUFZ 5, v0000024b7a65b000_0, C4<00000>, C4<00000>, C4<00000>;
L_0000024b7a5f4c30 .functor BUFZ 8, v0000024b7a65a380_0, C4<00000000>, C4<00000000>, C4<00000000>;
L_0000024b7a5f4ca0 .functor BUFZ 1, v0000024b7a65af60_0, C4<0>, C4<0>, C4<0>;
v0000024b7a65b000_0 .var "CLK_DIV", 4 0;
v0000024b7a65bd20_0 .var "COUNT_DONE_L", 7 0;
v0000024b7a65a380_0 .var "COUNT_L", 7 0;
v0000024b7a65ac40_0 .var "DONE", 0 0;
v0000024b7a65be60_0 .var "PERIOD_H", 7 0;
v0000024b7a65aba0_0 .var "PERIOD_L", 7 0;
v0000024b7a65af60_0 .var "RUN", 0 0;
v0000024b7a65bf00_0 .var "WIDTH_H", 7 0;
v0000024b7a65a060_0 .var "WIDTH_L", 7 0;
L_0000024b7a662178 .functor BUFT 1, C4<0000>, C4<0>, C4<0>, C4<0>;
v0000024b7a65a100_0 .net/2u *"_ivl_0", 3 0, L_0000024b7a662178;  1 drivers
v0000024b7a65a1a0_0 .net *"_ivl_10", 0 0, L_0000024b7a6615d0;  1 drivers
L_0000024b7a662250 .functor BUFT 1, C4<0010>, C4<0>, C4<0>, C4<0>;
v0000024b7a65a240_0 .net/2u *"_ivl_12", 3 0, L_0000024b7a662250;  1 drivers
v0000024b7a65a4c0_0 .net *"_ivl_14", 0 0, L_0000024b7a661a30;  1 drivers
L_0000024b7a662298 .functor BUFT 1, C4<0011>, C4<0>, C4<0>, C4<0>;
v0000024b7a65a560_0 .net/2u *"_ivl_16", 3 0, L_0000024b7a662298;  1 drivers
v0000024b7a65ace0_0 .net *"_ivl_18", 0 0, L_0000024b7a660b30;  1 drivers
v0000024b7a65a6a0_0 .net *"_ivl_2", 0 0, L_0000024b7a661990;  1 drivers
L_0000024b7a6622e0 .functor BUFT 1, C4<0100>, C4<0>, C4<0>, C4<0>;
v0000024b7a65aec0_0 .net/2u *"_ivl_20", 3 0, L_0000024b7a6622e0;  1 drivers
v0000024b7a65b0a0_0 .net *"_ivl_22", 0 0, L_0000024b7a661710;  1 drivers
L_0000024b7a662328 .functor BUFT 1, C4<0101>, C4<0>, C4<0>, C4<0>;
v0000024b7a65b140_0 .net/2u *"_ivl_24", 3 0, L_0000024b7a662328;  1 drivers
v0000024b7a65ca70_0 .net *"_ivl_26", 0 0, L_0000024b7a661cb0;  1 drivers
L_0000024b7a662370 .functor BUFT 1, C4<0111>, C4<0>, C4<0>, C4<0>;
v0000024b7a65cd90_0 .net/2u *"_ivl_28", 3 0, L_0000024b7a662370;  1 drivers
v0000024b7a65cc50_0 .net *"_ivl_30", 0 0, L_0000024b7a661ad0;  1 drivers
L_0000024b7a6623b8 .functor BUFT 1, C4<0000000>, C4<0>, C4<0>, C4<0>;
v0000024b7a65ccf0_0 .net/2u *"_ivl_32", 6 0, L_0000024b7a6623b8;  1 drivers
v0000024b7a65d510_0 .net *"_ivl_34", 7 0, L_0000024b7a661530;  1 drivers
L_0000024b7a662400 .functor BUFT 1, C4<1000>, C4<0>, C4<0>, C4<0>;
v0000024b7a65de70_0 .net/2u *"_ivl_36", 3 0, L_0000024b7a662400;  1 drivers
v0000024b7a65d970_0 .net *"_ivl_38", 0 0, L_0000024b7a661d50;  1 drivers
L_0000024b7a6621c0 .functor BUFT 1, C4<000>, C4<0>, C4<0>, C4<0>;
v0000024b7a65ce30_0 .net/2u *"_ivl_4", 2 0, L_0000024b7a6621c0;  1 drivers
L_0000024b7a662448 .functor BUFT 1, C4<1010>, C4<0>, C4<0>, C4<0>;
v0000024b7a65d6f0_0 .net/2u *"_ivl_40", 3 0, L_0000024b7a662448;  1 drivers
v0000024b7a65ced0_0 .net *"_ivl_42", 0 0, L_0000024b7a660bd0;  1 drivers
L_0000024b7a662490 .functor BUFT 1, C4<0000000>, C4<0>, C4<0>, C4<0>;
v0000024b7a65c070_0 .net/2u *"_ivl_44", 6 0, L_0000024b7a662490;  1 drivers
v0000024b7a65d650_0 .net *"_ivl_46", 7 0, L_0000024b7a6603b0;  1 drivers
L_0000024b7a6624d8 .functor BUFT 1, C4<00000000>, C4<0>, C4<0>, C4<0>;
v0000024b7a65cf70_0 .net/2u *"_ivl_48", 7 0, L_0000024b7a6624d8;  1 drivers
v0000024b7a65d010_0 .net *"_ivl_50", 7 0, L_0000024b7a6608b0;  1 drivers
v0000024b7a65cb10_0 .net *"_ivl_52", 7 0, L_0000024b7a660d10;  1 drivers
v0000024b7a65d290_0 .net *"_ivl_54", 7 0, L_0000024b7a661670;  1 drivers
v0000024b7a65cbb0_0 .net *"_ivl_56", 7 0, L_0000024b7a6617b0;  1 drivers
v0000024b7a65d0b0_0 .net *"_ivl_58", 7 0, L_0000024b7a660e50;  1 drivers
v0000024b7a65db50_0 .net *"_ivl_6", 7 0, L_0000024b7a6618f0;  1 drivers
v0000024b7a65df10_0 .net *"_ivl_60", 7 0, L_0000024b7a661850;  1 drivers
v0000024b7a65d150_0 .net *"_ivl_62", 7 0, L_0000024b7a660270;  1 drivers
v0000024b7a65c110_0 .net *"_ivl_64", 7 0, L_0000024b7a660450;  1 drivers
L_0000024b7a662208 .functor BUFT 1, C4<0001>, C4<0>, C4<0>, C4<0>;
v0000024b7a65d790_0 .net/2u *"_ivl_8", 3 0, L_0000024b7a662208;  1 drivers
v0000024b7a65d1f0_0 .net "address", 3 0, L_0000024b7a6601d0;  1 drivers
v0000024b7a65d330_0 .net "clk", 0 0, L_0000024b7a660f90;  alias, 1 drivers
v0000024b7a65d830_0 .net "clk_div", 4 0, L_0000024b7a5f4450;  alias, 1 drivers
v0000024b7a65d3d0_0 .net "count", 7 0, L_0000024b7a5f4c30;  alias, 1 drivers
v0000024b7a65d470_0 .net "count_done", 7 0, L_0000024b7a5f4530;  alias, 1 drivers
v0000024b7a65c890_0 .net "data_in", 7 0, v0000024b7a65a9c0_0;  alias, 1 drivers
v0000024b7a65d5b0_0 .net "data_out", 7 0, L_0000024b7a6613f0;  alias, 1 drivers
v0000024b7a65c2f0_0 .net "done", 0 0, v0000024b7a65a420_0;  alias, 1 drivers
v0000024b7a65d8d0_0 .net "period", 15 0, L_0000024b7a6610d0;  alias, 1 drivers
v0000024b7a65da10_0 .net "rstn", 0 0, L_0000024b7a661170;  alias, 1 drivers
v0000024b7a65dab0_0 .net "run_ppt", 0 0, L_0000024b7a5f4ca0;  alias, 1 drivers
v0000024b7a65dbf0_0 .net "width", 15 0, L_0000024b7a661df0;  alias, 1 drivers
v0000024b7a65dc90_0 .net "write_enable", 0 0, v0000024b7a65a740_0;  alias, 1 drivers
L_0000024b7a661990 .cmp/eq 4, L_0000024b7a6601d0, L_0000024b7a662178;
L_0000024b7a6618f0 .concat [ 5 3 0 0], v0000024b7a65b000_0, L_0000024b7a6621c0;
L_0000024b7a6615d0 .cmp/eq 4, L_0000024b7a6601d0, L_0000024b7a662208;
L_0000024b7a661a30 .cmp/eq 4, L_0000024b7a6601d0, L_0000024b7a662250;
L_0000024b7a660b30 .cmp/eq 4, L_0000024b7a6601d0, L_0000024b7a662298;
L_0000024b7a661710 .cmp/eq 4, L_0000024b7a6601d0, L_0000024b7a6622e0;
L_0000024b7a661cb0 .cmp/eq 4, L_0000024b7a6601d0, L_0000024b7a662328;
L_0000024b7a661ad0 .cmp/eq 4, L_0000024b7a6601d0, L_0000024b7a662370;
L_0000024b7a661530 .concat [ 1 7 0 0], v0000024b7a65af60_0, L_0000024b7a6623b8;
L_0000024b7a661d50 .cmp/eq 4, L_0000024b7a6601d0, L_0000024b7a662400;
L_0000024b7a660bd0 .cmp/eq 4, L_0000024b7a6601d0, L_0000024b7a662448;
L_0000024b7a6603b0 .concat [ 1 7 0 0], v0000024b7a65ac40_0, L_0000024b7a662490;
L_0000024b7a6608b0 .functor MUXZ 8, L_0000024b7a6624d8, L_0000024b7a6603b0, L_0000024b7a660bd0, C4<>;
L_0000024b7a660d10 .functor MUXZ 8, L_0000024b7a6608b0, v0000024b7a65bd20_0, L_0000024b7a661d50, C4<>;
L_0000024b7a661670 .functor MUXZ 8, L_0000024b7a660d10, L_0000024b7a661530, L_0000024b7a661ad0, C4<>;
L_0000024b7a6617b0 .functor MUXZ 8, L_0000024b7a661670, v0000024b7a65a380_0, L_0000024b7a661cb0, C4<>;
L_0000024b7a660e50 .functor MUXZ 8, L_0000024b7a6617b0, v0000024b7a65bf00_0, L_0000024b7a661710, C4<>;
L_0000024b7a661850 .functor MUXZ 8, L_0000024b7a660e50, v0000024b7a65a060_0, L_0000024b7a660b30, C4<>;
L_0000024b7a660270 .functor MUXZ 8, L_0000024b7a661850, v0000024b7a65be60_0, L_0000024b7a661a30, C4<>;
L_0000024b7a660450 .functor MUXZ 8, L_0000024b7a660270, v0000024b7a65aba0_0, L_0000024b7a6615d0, C4<>;
L_0000024b7a6613f0 .functor MUXZ 8, L_0000024b7a660450, L_0000024b7a6618f0, L_0000024b7a661990, C4<>;
L_0000024b7a6610d0 .concat [ 8 8 0 0], v0000024b7a65aba0_0, v0000024b7a65be60_0;
L_0000024b7a661df0 .concat [ 8 8 0 0], v0000024b7a65a060_0, v0000024b7a65bf00_0;
S_0000024b7a58cd90 .scope task, "read_register" "read_register" 2 159, 2 159 0, S_0000024b7a5f9ab0;
 .timescale -6 -9;
v0000024b7a65e800_0 .var "addr_i", 7 0;
v0000024b7a65e300_0 .var "reg_addr_i", 7 0;
TD_tt_um_jk2102_tb.read_register ;
    %delay 5000, 0;
    %pushi/vec4 0, 0, 1;
    %store/vec4 v0000024b7a661350_0, 0, 1;
    %load/vec4 v0000024b7a65e800_0;
    %parti/s 7, 0, 2;
    %concati/vec4 0, 0, 1;
    %store/vec4 v0000024b7a65f3e0_0, 0, 8;
    %fork TD_tt_um_jk2102_tb.send_byte, S_0000024b7a5524d0;
    %join;
    %load/vec4 v0000024b7a65e300_0;
    %store/vec4 v0000024b7a65f3e0_0, 0, 8;
    %fork TD_tt_um_jk2102_tb.send_byte, S_0000024b7a5524d0;
    %join;
    %delay 25000, 0;
    %delay 5000, 0;
    %pushi/vec4 1, 0, 1;
    %store/vec4 v0000024b7a6609f0_0, 0, 1;
    %delay 5000, 0;
    %pushi/vec4 0, 0, 1;
    %store/vec4 v0000024b7a661350_0, 0, 1;
    %load/vec4 v0000024b7a65e800_0;
    %parti/s 7, 0, 2;
    %concati/vec4 1, 0, 1;
    %store/vec4 v0000024b7a65f3e0_0, 0, 8;
    %fork TD_tt_um_jk2102_tb.send_byte, S_0000024b7a5524d0;
    %join;
    %pushi/vec4 255, 0, 8;
    %store/vec4 v0000024b7a65f3e0_0, 0, 8;
    %fork TD_tt_um_jk2102_tb.send_byte, S_0000024b7a5524d0;
    %join;
    %delay 5000, 0;
    %pushi/vec4 0, 0, 1;
    %store/vec4 v0000024b7a6609f0_0, 0, 1;
    %delay 5000, 0;
    %pushi/vec4 0, 0, 1;
    %store/vec4 v0000024b7a661350_0, 0, 1;
    %delay 5000, 0;
    %pushi/vec4 1, 0, 1;
    %store/vec4 v0000024b7a6609f0_0, 0, 1;
    %delay 5000, 0;
    %pushi/vec4 1, 0, 1;
    %store/vec4 v0000024b7a661350_0, 0, 1;
    %end;
S_0000024b7a5524d0 .scope task, "send_byte" "send_byte" 2 98, 2 98 0, S_0000024b7a5f9ab0;
 .timescale -6 -9;
v0000024b7a65f3e0_0 .var "data", 7 0;
v0000024b7a65f480_0 .var/i "i", 31 0;
TD_tt_um_jk2102_tb.send_byte ;
    %pushi/vec4 7, 0, 32;
    %store/vec4 v0000024b7a65f480_0, 0, 32;
T_1.0 ;
    %load/vec4 v0000024b7a65f480_0;
    %cmpi/s 0, 0, 32;
    %flag_inv 5; GE is !LT
    %jmp/0xz T_1.1, 5;
    %delay 10000, 0;
    %pushi/vec4 0, 0, 1;
    %store/vec4 v0000024b7a6609f0_0, 0, 1;
    %load/vec4 v0000024b7a65f3e0_0;
    %load/vec4 v0000024b7a65f480_0;
    %part/s 1;
    %store/vec4 v0000024b7a661350_0, 0, 1;
    %delay 10000, 0;
    %pushi/vec4 1, 0, 1;
    %store/vec4 v0000024b7a6609f0_0, 0, 1;
    %load/vec4 v0000024b7a65f480_0;
    %subi 1, 0, 32;
    %store/vec4 v0000024b7a65f480_0, 0, 32;
    %jmp T_1.0;
T_1.1 ;
    %delay 10000, 0;
    %pushi/vec4 0, 0, 1;
    %store/vec4 v0000024b7a6609f0_0, 0, 1;
    %pushi/vec4 1, 0, 1;
    %store/vec4 v0000024b7a661350_0, 0, 1;
    %delay 10000, 0;
    %pushi/vec4 1, 0, 1;
    %store/vec4 v0000024b7a6609f0_0, 0, 1;
    %delay 10000, 0;
    %pushi/vec4 0, 0, 1;
    %store/vec4 v0000024b7a6609f0_0, 0, 1;
    %end;
S_0000024b7a552660 .scope task, "write_register" "write_register" 2 120, 2 120 0, S_0000024b7a5f9ab0;
 .timescale -6 -9;
v0000024b7a65fc00_0 .var "addr_i", 7 0;
v0000024b7a65fe80_0 .var "reg_addr_i", 7 0;
v0000024b7a65ebc0_0 .var "reg_data_i", 7 0;
TD_tt_um_jk2102_tb.write_register ;
    %delay 5000, 0;
    %pushi/vec4 0, 0, 1;
    %store/vec4 v0000024b7a661350_0, 0, 1;
    %load/vec4 v0000024b7a65fc00_0;
    %parti/s 7, 0, 2;
    %concati/vec4 0, 0, 1;
    %store/vec4 v0000024b7a65f3e0_0, 0, 8;
    %fork TD_tt_um_jk2102_tb.send_byte, S_0000024b7a5524d0;
    %join;
    %load/vec4 v0000024b7a65fe80_0;
    %store/vec4 v0000024b7a65f3e0_0, 0, 8;
    %fork TD_tt_um_jk2102_tb.send_byte, S_0000024b7a5524d0;
    %join;
    %load/vec4 v0000024b7a65ebc0_0;
    %store/vec4 v0000024b7a65f3e0_0, 0, 8;
    %fork TD_tt_um_jk2102_tb.send_byte, S_0000024b7a5524d0;
    %join;
    %delay 5000, 0;
    %pushi/vec4 0, 0, 1;
    %store/vec4 v0000024b7a6609f0_0, 0, 1;
    %delay 5000, 0;
    %pushi/vec4 0, 0, 1;
    %store/vec4 v0000024b7a661350_0, 0, 1;
    %delay 5000, 0;
    %pushi/vec4 1, 0, 1;
    %store/vec4 v0000024b7a6609f0_0, 0, 1;
    %delay 5000, 0;
    %pushi/vec4 1, 0, 1;
    %store/vec4 v0000024b7a661350_0, 0, 1;
    %delay 25000, 0;
    %end;
    .scope S_0000024b7a5c4910;
T_3 ;
    %wait E_0000024b7a5fde10;
    %load/vec4 v0000024b7a5ef670_0;
    %nor/r;
    %flag_set/vec4 8;
    %jmp/0xz  T_3.0, 8;
    %pushi/vec4 0, 0, 26;
    %assign/vec4 v0000024b7a5edc30_0, 0;
    %pushi/vec4 9, 0, 5;
    %assign/vec4 v0000024b7a5eebd0_0, 0;
    %jmp T_3.1;
T_3.0 ;
    %load/vec4 v0000024b7a5edc30_0;
    %addi 1, 0, 26;
    %assign/vec4 v0000024b7a5edc30_0, 0;
    %load/vec4 v0000024b7a5ef850_0;
    %assign/vec4 v0000024b7a5eebd0_0, 0;
T_3.1 ;
    %jmp T_3;
    .thread T_3;
    .scope S_0000024b7a5ba1d0;
T_4 ;
    %pushi/vec4 7, 0, 3;
    %store/vec4 v0000024b7a5ee810_0, 0, 3;
    %end;
    .thread T_4;
    .scope S_0000024b7a5ba1d0;
T_5 ;
    %wait E_0000024b7a5fded0;
    %load/vec4 v0000024b7a65b500_0;
    %nor/r;
    %flag_set/vec4 8;
    %jmp/0xz  T_5.0, 8;
    %pushi/vec4 0, 0, 1;
    %assign/vec4 v0000024b7a65b320_0, 0;
    %jmp T_5.1;
T_5.0 ;
    %load/vec4 v0000024b7a65b460_0;
    %flag_set/vec4 8;
    %jmp/0xz  T_5.2, 8;
    %pushi/vec4 1, 0, 1;
    %assign/vec4 v0000024b7a65b320_0, 0;
    %jmp T_5.3;
T_5.2 ;
    %pushi/vec4 0, 0, 1;
    %assign/vec4 v0000024b7a65b320_0, 0;
T_5.3 ;
T_5.1 ;
    %jmp T_5;
    .thread T_5;
    .scope S_0000024b7a5ba1d0;
T_6 ;
    %wait E_0000024b7a5fdb10;
    %load/vec4 v0000024b7a65b500_0;
    %nor/r;
    %flag_set/vec4 8;
    %jmp/0xz  T_6.0, 8;
    %pushi/vec4 0, 0, 1;
    %assign/vec4 v0000024b7a65b280_0, 0;
    %jmp T_6.1;
T_6.0 ;
    %load/vec4 v0000024b7a65b460_0;
    %flag_set/vec4 8;
    %jmp/0xz  T_6.2, 8;
    %pushi/vec4 1, 0, 1;
    %assign/vec4 v0000024b7a65b280_0, 0;
    %jmp T_6.3;
T_6.2 ;
    %pushi/vec4 0, 0, 1;
    %assign/vec4 v0000024b7a65b280_0, 0;
T_6.3 ;
T_6.1 ;
    %jmp T_6;
    .thread T_6;
    .scope S_0000024b7a5ba1d0;
T_7 ;
    %wait E_0000024b7a5fd090;
    %load/vec4 v0000024b7a65b500_0;
    %nor/r;
    %flag_set/vec4 8;
    %jmp/0xz  T_7.0, 8;
    %load/vec4 v0000024b7a65b960_0;
    %assign/vec4 v0000024b7a65b5a0_0, 0;
    %pushi/vec4 0, 0, 3;
    %assign/vec4 v0000024b7a65ba00_0, 0;
    %pushi/vec4 7, 0, 3;
    %assign/vec4 v0000024b7a5ee810_0, 0;
    %pushi/vec4 1, 0, 1;
    %assign/vec4 v0000024b7a65b1e0_0, 0;
    %pushi/vec4 0, 0, 8;
    %assign/vec4 v0000024b7a5ee130_0, 0;
    %pushi/vec4 0, 0, 8;
    %assign/vec4 v0000024b7a5ee4f0_0, 0;
    %pushi/vec4 0, 0, 8;
    %assign/vec4 v0000024b7a65a9c0_0, 0;
    %pushi/vec4 0, 0, 1;
    %assign/vec4 v0000024b7a5ee090_0, 0;
    %pushi/vec4 0, 0, 1;
    %assign/vec4 v0000024b7a65a740_0, 0;
    %jmp T_7.1;
T_7.0 ;
    %load/vec4 v0000024b7a65ba00_0;
    %cmpi/e 2, 0, 3;
    %jmp/0xz  T_7.2, 4;
    %load/vec4 v0000024b7a65bc80_0;
    %assign/vec4 v0000024b7a5ee130_0, 0;
T_7.2 ;
    %load/vec4 v0000024b7a65ba00_0;
    %cmpi/e 6, 0, 3;
    %jmp/0xz  T_7.4, 4;
    %load/vec4 v0000024b7a5ee090_0;
    %nor/r;
    %flag_set/vec4 8;
    %jmp/0xz  T_7.6, 8;
    %load/vec4 v0000024b7a5edff0_0;
    %assign/vec4 v0000024b7a5ee4f0_0, 0;
    %pushi/vec4 0, 0, 1;
    %assign/vec4 v0000024b7a65a740_0, 0;
    %jmp T_7.7;
T_7.6 ;
    %load/vec4 v0000024b7a5edff0_0;
    %assign/vec4 v0000024b7a65a9c0_0, 0;
    %pushi/vec4 1, 0, 1;
    %assign/vec4 v0000024b7a65a740_0, 0;
T_7.7 ;
    %load/vec4 v0000024b7a5ee090_0;
    %nor/r;
    %assign/vec4 v0000024b7a5ee090_0, 0;
    %jmp T_7.5;
T_7.4 ;
    %pushi/vec4 0, 0, 1;
    %assign/vec4 v0000024b7a65a740_0, 0;
T_7.5 ;
    %load/vec4 v0000024b7a65ba00_0;
    %cmpi/e 2, 0, 3;
    %jmp/0xz  T_7.8, 4;
    %pushi/vec4 0, 0, 1;
    %assign/vec4 v0000024b7a5ee090_0, 0;
T_7.8 ;
    %load/vec4 v0000024b7a65ba00_0;
    %dup/vec4;
    %pushi/vec4 0, 0, 3;
    %cmp/u;
    %jmp/1 T_7.10, 6;
    %dup/vec4;
    %pushi/vec4 2, 0, 3;
    %cmp/u;
    %jmp/1 T_7.11, 6;
    %dup/vec4;
    %pushi/vec4 3, 0, 3;
    %cmp/u;
    %jmp/1 T_7.12, 6;
    %dup/vec4;
    %pushi/vec4 4, 0, 3;
    %cmp/u;
    %jmp/1 T_7.13, 6;
    %dup/vec4;
    %pushi/vec4 5, 0, 3;
    %cmp/u;
    %jmp/1 T_7.14, 6;
    %dup/vec4;
    %pushi/vec4 6, 0, 3;
    %cmp/u;
    %jmp/1 T_7.15, 6;
    %dup/vec4;
    %pushi/vec4 7, 0, 3;
    %cmp/u;
    %jmp/1 T_7.16, 6;
    %pushi/vec4 0, 0, 3;
    %assign/vec4 v0000024b7a65ba00_0, 0;
    %pushi/vec4 7, 0, 3;
    %assign/vec4 v0000024b7a5ee810_0, 0;
    %jmp T_7.18;
T_7.10 ;
    %pushi/vec4 1, 0, 1;
    %assign/vec4 v0000024b7a65b1e0_0, 0;
    %load/vec4 v0000024b7a65b320_0;
    %flag_set/vec4 8;
    %jmp/0xz  T_7.19, 8;
    %pushi/vec4 2, 0, 3;
    %assign/vec4 v0000024b7a65ba00_0, 0;
    %pushi/vec4 7, 0, 3;
    %assign/vec4 v0000024b7a5ee810_0, 0;
    %jmp T_7.20;
T_7.19 ;
    %pushi/vec4 0, 0, 3;
    %assign/vec4 v0000024b7a65ba00_0, 0;
T_7.20 ;
    %jmp T_7.18;
T_7.11 ;
    %pushi/vec4 1, 0, 1;
    %assign/vec4 v0000024b7a65b1e0_0, 0;
    %load/vec4 v0000024b7a5ee810_0;
    %cmpi/e 0, 0, 3;
    %jmp/0xz  T_7.21, 4;
    %load/vec4 v0000024b7a5edff0_0;
    %parti/s 7, 1, 2;
    %load/vec4 v0000024b7a65b5a0_0;
    %cmp/e;
    %jmp/0xz  T_7.23, 4;
    %pushi/vec4 3, 0, 3;
    %assign/vec4 v0000024b7a65ba00_0, 0;
    %pushi/vec4 0, 0, 1;
    %assign/vec4 v0000024b7a65b1e0_0, 0;
    %pushi/vec4 7, 0, 3;
    %assign/vec4 v0000024b7a5ee810_0, 0;
    %jmp T_7.24;
T_7.23 ;
    %pushi/vec4 0, 0, 3;
    %assign/vec4 v0000024b7a65ba00_0, 0;
T_7.24 ;
    %jmp T_7.22;
T_7.21 ;
    %load/vec4 v0000024b7a5ee810_0;
    %subi 1, 0, 3;
    %assign/vec4 v0000024b7a5ee810_0, 0;
    %pushi/vec4 2, 0, 3;
    %assign/vec4 v0000024b7a65ba00_0, 0;
T_7.22 ;
    %jmp T_7.18;
T_7.12 ;
    %pushi/vec4 1, 0, 1;
    %assign/vec4 v0000024b7a65b1e0_0, 0;
    %load/vec4 v0000024b7a65b320_0;
    %flag_set/vec4 8;
    %jmp/0xz  T_7.25, 8;
    %pushi/vec4 2, 0, 3;
    %assign/vec4 v0000024b7a65ba00_0, 0;
    %pushi/vec4 7, 0, 3;
    %assign/vec4 v0000024b7a5ee810_0, 0;
    %jmp T_7.26;
T_7.25 ;
    %load/vec4 v0000024b7a5edff0_0;
    %parti/s 1, 0, 2;
    %cmpi/e 0, 0, 1;
    %jmp/0xz  T_7.27, 4;
    %pushi/vec4 5, 0, 3;
    %assign/vec4 v0000024b7a65ba00_0, 0;
    %jmp T_7.28;
T_7.27 ;
    %pushi/vec4 4, 0, 3;
    %assign/vec4 v0000024b7a65ba00_0, 0;
    %load/vec4 v0000024b7a5ee130_0;
    %load/vec4 v0000024b7a5ee810_0;
    %part/u 1;
    %assign/vec4 v0000024b7a65b1e0_0, 0;
    %load/vec4 v0000024b7a5ee810_0;
    %subi 1, 0, 3;
    %assign/vec4 v0000024b7a5ee810_0, 0;
T_7.28 ;
T_7.26 ;
    %jmp T_7.18;
T_7.13 ;
    %load/vec4 v0000024b7a5ee130_0;
    %load/vec4 v0000024b7a5ee810_0;
    %part/u 1;
    %assign/vec4 v0000024b7a65b1e0_0, 0;
    %load/vec4 v0000024b7a65b320_0;
    %flag_set/vec4 8;
    %jmp/0xz  T_7.29, 8;
    %pushi/vec4 2, 0, 3;
    %assign/vec4 v0000024b7a65ba00_0, 0;
    %pushi/vec4 7, 0, 3;
    %assign/vec4 v0000024b7a5ee810_0, 0;
    %jmp T_7.30;
T_7.29 ;
    %load/vec4 v0000024b7a5ee810_0;
    %cmpi/e 0, 0, 3;
    %jmp/0xz  T_7.31, 4;
    %pushi/vec4 7, 0, 3;
    %assign/vec4 v0000024b7a65ba00_0, 0;
    %jmp T_7.32;
T_7.31 ;
    %load/vec4 v0000024b7a5ee810_0;
    %subi 1, 0, 3;
    %assign/vec4 v0000024b7a5ee810_0, 0;
    %pushi/vec4 4, 0, 3;
    %assign/vec4 v0000024b7a65ba00_0, 0;
T_7.32 ;
T_7.30 ;
    %jmp T_7.18;
T_7.14 ;
    %pushi/vec4 1, 0, 1;
    %assign/vec4 v0000024b7a65b1e0_0, 0;
    %load/vec4 v0000024b7a65b320_0;
    %flag_set/vec4 8;
    %jmp/0xz  T_7.33, 8;
    %pushi/vec4 2, 0, 3;
    %assign/vec4 v0000024b7a65ba00_0, 0;
    %pushi/vec4 7, 0, 3;
    %assign/vec4 v0000024b7a5ee810_0, 0;
    %jmp T_7.34;
T_7.33 ;
    %load/vec4 v0000024b7a5ee810_0;
    %cmpi/e 0, 0, 3;
    %jmp/0xz  T_7.35, 4;
    %pushi/vec4 6, 0, 3;
    %assign/vec4 v0000024b7a65ba00_0, 0;
    %pushi/vec4 0, 0, 1;
    %assign/vec4 v0000024b7a65b1e0_0, 0;
    %jmp T_7.36;
T_7.35 ;
    %load/vec4 v0000024b7a5ee810_0;
    %subi 1, 0, 3;
    %assign/vec4 v0000024b7a5ee810_0, 0;
    %pushi/vec4 5, 0, 3;
    %assign/vec4 v0000024b7a65ba00_0, 0;
T_7.36 ;
T_7.34 ;
    %jmp T_7.18;
T_7.15 ;
    %pushi/vec4 1, 0, 1;
    %assign/vec4 v0000024b7a65b1e0_0, 0;
    %load/vec4 v0000024b7a65b320_0;
    %flag_set/vec4 8;
    %jmp/0xz  T_7.37, 8;
    %pushi/vec4 2, 0, 3;
    %assign/vec4 v0000024b7a65ba00_0, 0;
    %pushi/vec4 7, 0, 3;
    %assign/vec4 v0000024b7a5ee810_0, 0;
    %jmp T_7.38;
T_7.37 ;
    %load/vec4 v0000024b7a65b320_0;
    %flag_set/vec4 8;
    %jmp/0xz  T_7.39, 8;
    %pushi/vec4 7, 0, 3;
    %assign/vec4 v0000024b7a65ba00_0, 0;
    %jmp T_7.40;
T_7.39 ;
    %pushi/vec4 5, 0, 3;
    %assign/vec4 v0000024b7a65ba00_0, 0;
T_7.40 ;
T_7.38 ;
    %pushi/vec4 7, 0, 3;
    %assign/vec4 v0000024b7a5ee810_0, 0;
    %jmp T_7.18;
T_7.16 ;
    %pushi/vec4 1, 0, 1;
    %assign/vec4 v0000024b7a65b1e0_0, 0;
    %load/vec4 v0000024b7a65b320_0;
    %load/vec4 v0000024b7a65b280_0;
    %and;
    %flag_set/vec4 8;
    %jmp/0xz  T_7.41, 8;
    %pushi/vec4 2, 0, 3;
    %assign/vec4 v0000024b7a65ba00_0, 0;
    %pushi/vec4 7, 0, 3;
    %assign/vec4 v0000024b7a5ee810_0, 0;
    %jmp T_7.42;
T_7.41 ;
    %load/vec4 v0000024b7a65b280_0;
    %flag_set/vec4 8;
    %jmp/0xz  T_7.43, 8;
    %pushi/vec4 0, 0, 3;
    %assign/vec4 v0000024b7a65ba00_0, 0;
    %pushi/vec4 7, 0, 3;
    %assign/vec4 v0000024b7a5ee810_0, 0;
    %jmp T_7.44;
T_7.43 ;
    %load/vec4 v0000024b7a65b320_0;
    %flag_set/vec4 8;
    %jmp/0xz  T_7.45, 8;
    %pushi/vec4 2, 0, 3;
    %assign/vec4 v0000024b7a65ba00_0, 0;
    %pushi/vec4 7, 0, 3;
    %assign/vec4 v0000024b7a5ee810_0, 0;
    %jmp T_7.46;
T_7.45 ;
    %pushi/vec4 7, 0, 3;
    %assign/vec4 v0000024b7a65ba00_0, 0;
T_7.46 ;
T_7.44 ;
T_7.42 ;
    %jmp T_7.18;
T_7.18 ;
    %pop/vec4 1;
T_7.1 ;
    %jmp T_7;
    .thread T_7;
    .scope S_0000024b7a5ba1d0;
T_8 ;
    %wait E_0000024b7a5fd990;
    %load/vec4 v0000024b7a65b500_0;
    %nor/r;
    %flag_set/vec4 8;
    %jmp/0xz  T_8.0, 8;
    %pushi/vec4 0, 0, 8;
    %assign/vec4 v0000024b7a5edff0_0, 0;
    %jmp T_8.1;
T_8.0 ;
    %load/vec4 v0000024b7a65ba00_0;
    %pushi/vec4 2, 0, 3;
    %cmp/e;
    %flag_get/vec4 4;
    %load/vec4 v0000024b7a65ba00_0;
    %pushi/vec4 5, 0, 3;
    %cmp/e;
    %flag_get/vec4 4;
    %or;
    %flag_set/vec4 8;
    %jmp/0xz  T_8.2, 8;
    %load/vec4 v0000024b7a65a7e0_0;
    %ix/load 5, 0, 0;
    %ix/getv 4, v0000024b7a5ee810_0;
    %assign/vec4/off/d v0000024b7a5edff0_0, 4, 5;
T_8.2 ;
T_8.1 ;
    %jmp T_8;
    .thread T_8;
    .scope S_0000024b7a59ce10;
T_9 ;
    %wait E_0000024b7a5fd990;
    %load/vec4 v0000024b7a65da10_0;
    %nor/r;
    %flag_set/vec4 8;
    %jmp/0xz  T_9.0, 8;
    %pushi/vec4 9, 0, 5;
    %assign/vec4 v0000024b7a65b000_0, 0;
    %pushi/vec4 128, 0, 8;
    %assign/vec4 v0000024b7a65aba0_0, 0;
    %pushi/vec4 0, 0, 8;
    %assign/vec4 v0000024b7a65be60_0, 0;
    %pushi/vec4 1, 0, 8;
    %assign/vec4 v0000024b7a65a060_0, 0;
    %pushi/vec4 0, 0, 8;
    %assign/vec4 v0000024b7a65bf00_0, 0;
    %pushi/vec4 16, 0, 8;
    %assign/vec4 v0000024b7a65a380_0, 0;
    %pushi/vec4 1, 0, 1;
    %assign/vec4 v0000024b7a65af60_0, 0;
    %pushi/vec4 0, 0, 8;
    %assign/vec4 v0000024b7a65bd20_0, 0;
    %pushi/vec4 0, 0, 1;
    %assign/vec4 v0000024b7a65ac40_0, 0;
    %jmp T_9.1;
T_9.0 ;
    %load/vec4 v0000024b7a65dc90_0;
    %flag_set/vec4 8;
    %jmp/0xz  T_9.2, 8;
    %load/vec4 v0000024b7a65d1f0_0;
    %dup/vec4;
    %pushi/vec4 0, 0, 4;
    %cmp/u;
    %jmp/1 T_9.4, 6;
    %dup/vec4;
    %pushi/vec4 1, 0, 4;
    %cmp/u;
    %jmp/1 T_9.5, 6;
    %dup/vec4;
    %pushi/vec4 2, 0, 4;
    %cmp/u;
    %jmp/1 T_9.6, 6;
    %dup/vec4;
    %pushi/vec4 3, 0, 4;
    %cmp/u;
    %jmp/1 T_9.7, 6;
    %dup/vec4;
    %pushi/vec4 4, 0, 4;
    %cmp/u;
    %jmp/1 T_9.8, 6;
    %dup/vec4;
    %pushi/vec4 5, 0, 4;
    %cmp/u;
    %jmp/1 T_9.9, 6;
    %dup/vec4;
    %pushi/vec4 7, 0, 4;
    %cmp/u;
    %jmp/1 T_9.10, 6;
    %jmp T_9.12;
T_9.4 ;
    %load/vec4 v0000024b7a65c890_0;
    %parti/s 5, 0, 2;
    %assign/vec4 v0000024b7a65b000_0, 0;
    %jmp T_9.12;
T_9.5 ;
    %load/vec4 v0000024b7a65c890_0;
    %assign/vec4 v0000024b7a65aba0_0, 0;
    %jmp T_9.12;
T_9.6 ;
    %load/vec4 v0000024b7a65c890_0;
    %assign/vec4 v0000024b7a65be60_0, 0;
    %jmp T_9.12;
T_9.7 ;
    %load/vec4 v0000024b7a65c890_0;
    %assign/vec4 v0000024b7a65a060_0, 0;
    %jmp T_9.12;
T_9.8 ;
    %load/vec4 v0000024b7a65c890_0;
    %assign/vec4 v0000024b7a65bf00_0, 0;
    %jmp T_9.12;
T_9.9 ;
    %load/vec4 v0000024b7a65c890_0;
    %assign/vec4 v0000024b7a65a380_0, 0;
    %jmp T_9.12;
T_9.10 ;
    %load/vec4 v0000024b7a65c890_0;
    %parti/s 1, 0, 2;
    %assign/vec4 v0000024b7a65af60_0, 0;
    %jmp T_9.12;
T_9.12 ;
    %pop/vec4 1;
    %jmp T_9.3;
T_9.2 ;
    %load/vec4 v0000024b7a65d470_0;
    %assign/vec4 v0000024b7a65bd20_0, 0;
    %load/vec4 v0000024b7a65c2f0_0;
    %assign/vec4 v0000024b7a65ac40_0, 0;
T_9.3 ;
T_9.1 ;
    %jmp T_9;
    .thread T_9;
    .scope S_0000024b7a5975f0;
T_10 ;
    %wait E_0000024b7a5fda50;
    %load/vec4 v0000024b7a65ab00_0;
    %nor/r;
    %flag_set/vec4 8;
    %jmp/0xz  T_10.0, 8;
    %pushi/vec4 0, 0, 16;
    %assign/vec4 v0000024b7a65b6e0_0, 0;
    %pushi/vec4 0, 0, 1;
    %assign/vec4 v0000024b7a65bbe0_0, 0;
    %pushi/vec4 128, 0, 16;
    %assign/vec4 v0000024b7a65b780_0, 0;
    %pushi/vec4 1, 0, 16;
    %assign/vec4 v0000024b7a65b820_0, 0;
    %jmp T_10.1;
T_10.0 ;
    %load/vec4 v0000024b7a65b8c0_0;
    %flag_set/vec4 8;
    %jmp/0xz  T_10.2, 8;
    %load/vec4 v0000024b7a65b6e0_0;
    %load/vec4 v0000024b7a65b820_0;
    %cmp/u;
    %jmp/0xz  T_10.4, 5;
    %load/vec4 v0000024b7a65b6e0_0;
    %addi 1, 0, 16;
    %assign/vec4 v0000024b7a65b6e0_0, 0;
    %pushi/vec4 1, 0, 1;
    %assign/vec4 v0000024b7a65bbe0_0, 0;
    %jmp T_10.5;
T_10.4 ;
    %load/vec4 v0000024b7a65b6e0_0;
    %load/vec4 v0000024b7a65b780_0;
    %cmp/u;
    %jmp/0xz  T_10.6, 5;
    %load/vec4 v0000024b7a65b6e0_0;
    %addi 1, 0, 16;
    %assign/vec4 v0000024b7a65b6e0_0, 0;
    %pushi/vec4 0, 0, 1;
    %assign/vec4 v0000024b7a65bbe0_0, 0;
    %jmp T_10.7;
T_10.6 ;
    %pushi/vec4 0, 0, 16;
    %assign/vec4 v0000024b7a65b6e0_0, 0;
    %pushi/vec4 1, 0, 1;
    %assign/vec4 v0000024b7a65bbe0_0, 0;
T_10.7 ;
T_10.5 ;
    %jmp T_10.3;
T_10.2 ;
    %pushi/vec4 0, 0, 16;
    %assign/vec4 v0000024b7a65b6e0_0, 0;
    %pushi/vec4 0, 0, 1;
    %assign/vec4 v0000024b7a65bbe0_0, 0;
    %load/vec4 v0000024b7a65ad80_0;
    %assign/vec4 v0000024b7a65b780_0, 0;
    %load/vec4 v0000024b7a65aa60_0;
    %assign/vec4 v0000024b7a65b820_0, 0;
T_10.3 ;
T_10.1 ;
    %jmp T_10;
    .thread T_10;
    .scope S_0000024b7a597460;
T_11 ;
    %wait E_0000024b7a5fda50;
    %load/vec4 v0000024b7a65b3c0_0;
    %nor/r;
    %flag_set/vec4 8;
    %jmp/0xz  T_11.0, 8;
    %pushi/vec4 16, 0, 8;
    %assign/vec4 v0000024b7a65a600_0, 0;
    %pushi/vec4 0, 0, 1;
    %assign/vec4 v0000024b7a65b640_0, 0;
    %pushi/vec4 0, 0, 1;
    %assign/vec4 v0000024b7a65a420_0, 0;
    %jmp T_11.1;
T_11.0 ;
    %load/vec4 v0000024b7a65ae20_0;
    %flag_set/vec4 8;
    %jmp/0xz  T_11.2, 8;
    %load/vec4 v0000024b7a65a600_0;
    %cmpi/e 0, 0, 8;
    %jmp/0xz  T_11.4, 4;
    %pushi/vec4 1, 0, 1;
    %assign/vec4 v0000024b7a65a420_0, 0;
    %jmp T_11.5;
T_11.4 ;
    %load/vec4 v0000024b7a65bb40_0;
    %flag_set/vec4 9;
    %flag_get/vec4 9;
    %jmp/0 T_11.8, 9;
    %load/vec4 v0000024b7a65b640_0;
    %nor/r;
    %and;
T_11.8;
    %flag_set/vec4 8;
    %jmp/0xz  T_11.6, 8;
    %load/vec4 v0000024b7a65a600_0;
    %subi 1, 0, 8;
    %assign/vec4 v0000024b7a65a600_0, 0;
T_11.6 ;
T_11.5 ;
    %jmp T_11.3;
T_11.2 ;
    %load/vec4 v0000024b7a65a880_0;
    %assign/vec4 v0000024b7a65a600_0, 0;
    %pushi/vec4 0, 0, 1;
    %assign/vec4 v0000024b7a65a420_0, 0;
T_11.3 ;
    %load/vec4 v0000024b7a65bb40_0;
    %assign/vec4 v0000024b7a65b640_0, 0;
T_11.1 ;
    %jmp T_11;
    .thread T_11;
    .scope S_0000024b7a5f9ab0;
T_12 ;
    %delay 15259, 0;
    %load/vec4 v0000024b7a65e440_0;
    %inv;
    %store/vec4 v0000024b7a65e440_0, 0, 1;
    %jmp T_12;
    .thread T_12;
    .scope S_0000024b7a5f9ab0;
T_13 ;
    %vpi_call 2 41 "$dumpfile", "simulation_output.vcd" {0 0 0};
    %vpi_call 2 42 "$dumpvars", 32'sb00000000000000000000000000000000, S_0000024b7a5f9ab0 {0 0 0};
    %pushi/vec4 0, 0, 1;
    %store/vec4 v0000024b7a65e440_0, 0, 1;
    %pushi/vec4 0, 0, 1;
    %store/vec4 v0000024b7a65ee40_0, 0, 1;
    %pushi/vec4 0, 0, 1;
    %store/vec4 v0000024b7a65e940_0, 0, 1;
    %pushi/vec4 10, 0, 8;
    %store/vec4 v0000024b7a661490_0, 0, 8;
    %pushi/vec4 1, 0, 1;
    %store/vec4 v0000024b7a661350_0, 0, 1;
    %pushi/vec4 1, 0, 1;
    %store/vec4 v0000024b7a6609f0_0, 0, 1;
    %delay 10000, 0;
    %delay 10000, 0;
    %pushi/vec4 1, 0, 1;
    %store/vec4 v0000024b7a65ee40_0, 0, 1;
    %delay 10000, 0;
    %pushi/vec4 1, 0, 1;
    %store/vec4 v0000024b7a65e940_0, 0, 1;
    %delay 1280523264, 16;
    %pushi/vec4 90, 0, 8;
    %store/vec4 v0000024b7a65fc00_0, 0, 8;
    %pushi/vec4 7, 0, 8;
    %store/vec4 v0000024b7a65fe80_0, 0, 8;
    %pushi/vec4 0, 0, 8;
    %store/vec4 v0000024b7a65ebc0_0, 0, 8;
    %fork TD_tt_um_jk2102_tb.write_register, S_0000024b7a552660;
    %join;
    %pushi/vec4 90, 0, 8;
    %store/vec4 v0000024b7a65fc00_0, 0, 8;
    %pushi/vec4 1, 0, 8;
    %store/vec4 v0000024b7a65fe80_0, 0, 8;
    %pushi/vec4 32, 0, 8;
    %store/vec4 v0000024b7a65ebc0_0, 0, 8;
    %fork TD_tt_um_jk2102_tb.write_register, S_0000024b7a552660;
    %join;
    %pushi/vec4 90, 0, 8;
    %store/vec4 v0000024b7a65fc00_0, 0, 8;
    %pushi/vec4 3, 0, 8;
    %store/vec4 v0000024b7a65fe80_0, 0, 8;
    %pushi/vec4 4, 0, 8;
    %store/vec4 v0000024b7a65ebc0_0, 0, 8;
    %fork TD_tt_um_jk2102_tb.write_register, S_0000024b7a552660;
    %join;
    %pushi/vec4 90, 0, 8;
    %store/vec4 v0000024b7a65fc00_0, 0, 8;
    %pushi/vec4 5, 0, 8;
    %store/vec4 v0000024b7a65fe80_0, 0, 8;
    %pushi/vec4 50, 0, 8;
    %store/vec4 v0000024b7a65ebc0_0, 0, 8;
    %fork TD_tt_um_jk2102_tb.write_register, S_0000024b7a552660;
    %join;
    %delay 100000000, 0;
    %pushi/vec4 90, 0, 8;
    %store/vec4 v0000024b7a65fc00_0, 0, 8;
    %pushi/vec4 7, 0, 8;
    %store/vec4 v0000024b7a65fe80_0, 0, 8;
    %pushi/vec4 1, 0, 8;
    %store/vec4 v0000024b7a65ebc0_0, 0, 8;
    %fork TD_tt_um_jk2102_tb.write_register, S_0000024b7a552660;
    %join;
    %delay 2820130816, 4;
    %pushi/vec4 90, 0, 8;
    %store/vec4 v0000024b7a65e800_0, 0, 8;
    %pushi/vec4 8, 0, 8;
    %store/vec4 v0000024b7a65e300_0, 0, 8;
    %fork TD_tt_um_jk2102_tb.read_register, S_0000024b7a58cd90;
    %join;
    %pushi/vec4 90, 0, 8;
    %store/vec4 v0000024b7a65e800_0, 0, 8;
    %pushi/vec4 9, 0, 8;
    %store/vec4 v0000024b7a65e300_0, 0, 8;
    %fork TD_tt_um_jk2102_tb.read_register, S_0000024b7a58cd90;
    %join;
    %delay 2755359744, 11;
    %pushi/vec4 90, 0, 8;
    %store/vec4 v0000024b7a65e800_0, 0, 8;
    %pushi/vec4 10, 0, 8;
    %store/vec4 v0000024b7a65e300_0, 0, 8;
    %fork TD_tt_um_jk2102_tb.read_register, S_0000024b7a58cd90;
    %join;
    %pushi/vec4 0, 0, 1;
    %store/vec4 v0000024b7a65e940_0, 0, 1;
    %pushi/vec4 0, 0, 1;
    %store/vec4 v0000024b7a65ee40_0, 0, 1;
    %delay 10000, 0;
    %vpi_call 2 95 "$finish" {0 0 0};
    %end;
    .thread T_13;
# The file index is used to find the file name in the following table.
:file_names 9;
    "N/A";
    "<interactive>";
    "../tb/tt_um_jk2102_tb.v";
    "../src/tt_um_jk2102.v";
    "../src/clock_divider.v";
    "../src/i2c_slave.v";
    "../src/pulse_counter.v";
    "../src/pulse_generator.v";
    "../src/register_map.v";
