Copyright 1986-2020 Xilinx, Inc. All Rights Reserved.
-----------------------------------------------------------------------------------------
| Tool Version : Vivado v.2020.2 (win64) Build 3064766 Wed Nov 18 09:12:45 MST 2020
| Date         : Sun Aug 27 14:26:37 2023
| Host         : radna_stanica running 64-bit major release  (build 9200)
| Command      : report_timing_summary -file ./fpga_output/post_place_timing_summary.rpt
| Design       : fpga_top_lvl
| Device       : 7a35t-cpg236
| Speed File   : -1  PRODUCTION 1.23 2018-06-13
-----------------------------------------------------------------------------------------

Timing Summary Report

------------------------------------------------------------------------------------------------
| Timer Settings
| --------------
------------------------------------------------------------------------------------------------

  Enable Multi Corner Analysis               :  Yes
  Enable Pessimism Removal                   :  Yes
  Pessimism Removal Resolution               :  Nearest Common Node
  Enable Input Delay Default Clock           :  No
  Enable Preset / Clear Arcs                 :  No
  Disable Flight Delays                      :  No
  Ignore I/O Paths                           :  No
  Timing Early Launch at Borrowing Latches   :  No
  Borrow Time for Max Delay Exceptions       :  Yes
  Merge Timing Exceptions                    :  Yes

  Corner  Analyze    Analyze    
  Name    Max Paths  Min Paths  
  ------  ---------  ---------  
  Slow    Yes        Yes        
  Fast    Yes        Yes        



check_timing report

Table of Contents
-----------------
1. checking no_clock (2304)
2. checking constant_clock (0)
3. checking pulse_width_clock (0)
4. checking unconstrained_internal_endpoints (586)
5. checking no_input_delay (8)
6. checking no_output_delay (10)
7. checking multiple_clock (0)
8. checking generated_clocks (0)
9. checking loops (0)
10. checking partial_input_delay (0)
11. checking partial_output_delay (0)
12. checking latch_loops (0)

1. checking no_clock (2304)
---------------------------
 There are 4 register/latch pins with no clock driven by root clock pin: btnC (HIGH)

 There are 120 register/latch pins with no clock driven by root clock pin: scl (HIGH)

 There are 2 register/latch pins with no clock driven by root clock pin: sda (HIGH)

 There is 1 register/latch pin with no clock driven by root clock pin: sw[0] (HIGH)

 There is 1 register/latch pin with no clock driven by root clock pin: sw[1] (HIGH)

 There is 1 register/latch pin with no clock driven by root clock pin: sw[2] (HIGH)

 There is 1 register/latch pin with no clock driven by root clock pin: sw[3] (HIGH)

 There are 4 register/latch pins with no clock driven by root clock pin: sw[8] (HIGH)

 There are 31 register/latch pins with no clock driven by root clock pin: clk_32768Hz_reg/Q (HIGH)

 There are 69 register/latch pins with no clock driven by root clock pin: instance_name/clk_div_inst/counter_reg[0]/Q (HIGH)

 There are 69 register/latch pins with no clock driven by root clock pin: instance_name/clk_div_inst/counter_reg[10]/Q (HIGH)

 There are 69 register/latch pins with no clock driven by root clock pin: instance_name/clk_div_inst/counter_reg[11]/Q (HIGH)

 There are 69 register/latch pins with no clock driven by root clock pin: instance_name/clk_div_inst/counter_reg[12]/Q (HIGH)

 There are 69 register/latch pins with no clock driven by root clock pin: instance_name/clk_div_inst/counter_reg[13]/Q (HIGH)

 There are 69 register/latch pins with no clock driven by root clock pin: instance_name/clk_div_inst/counter_reg[14]/Q (HIGH)

 There are 69 register/latch pins with no clock driven by root clock pin: instance_name/clk_div_inst/counter_reg[15]/Q (HIGH)

 There are 69 register/latch pins with no clock driven by root clock pin: instance_name/clk_div_inst/counter_reg[16]/Q (HIGH)

 There are 69 register/latch pins with no clock driven by root clock pin: instance_name/clk_div_inst/counter_reg[17]/Q (HIGH)

 There are 69 register/latch pins with no clock driven by root clock pin: instance_name/clk_div_inst/counter_reg[18]/Q (HIGH)

 There are 69 register/latch pins with no clock driven by root clock pin: instance_name/clk_div_inst/counter_reg[19]/Q (HIGH)

 There are 69 register/latch pins with no clock driven by root clock pin: instance_name/clk_div_inst/counter_reg[1]/Q (HIGH)

 There are 69 register/latch pins with no clock driven by root clock pin: instance_name/clk_div_inst/counter_reg[20]/Q (HIGH)

 There are 69 register/latch pins with no clock driven by root clock pin: instance_name/clk_div_inst/counter_reg[21]/Q (HIGH)

 There are 69 register/latch pins with no clock driven by root clock pin: instance_name/clk_div_inst/counter_reg[22]/Q (HIGH)

 There are 69 register/latch pins with no clock driven by root clock pin: instance_name/clk_div_inst/counter_reg[23]/Q (HIGH)

 There are 69 register/latch pins with no clock driven by root clock pin: instance_name/clk_div_inst/counter_reg[24]/Q (HIGH)

 There are 69 register/latch pins with no clock driven by root clock pin: instance_name/clk_div_inst/counter_reg[25]/Q (HIGH)

 There are 69 register/latch pins with no clock driven by root clock pin: instance_name/clk_div_inst/counter_reg[2]/Q (HIGH)

 There are 69 register/latch pins with no clock driven by root clock pin: instance_name/clk_div_inst/counter_reg[3]/Q (HIGH)

 There are 69 register/latch pins with no clock driven by root clock pin: instance_name/clk_div_inst/counter_reg[4]/Q (HIGH)

 There are 69 register/latch pins with no clock driven by root clock pin: instance_name/clk_div_inst/counter_reg[5]/Q (HIGH)

 There are 69 register/latch pins with no clock driven by root clock pin: instance_name/clk_div_inst/counter_reg[6]/Q (HIGH)

 There are 69 register/latch pins with no clock driven by root clock pin: instance_name/clk_div_inst/counter_reg[7]/Q (HIGH)

 There are 69 register/latch pins with no clock driven by root clock pin: instance_name/clk_div_inst/counter_reg[8]/Q (HIGH)

 There are 69 register/latch pins with no clock driven by root clock pin: instance_name/clk_div_inst/counter_reg[9]/Q (HIGH)

 There are 69 register/latch pins with no clock driven by root clock pin: instance_name/clk_div_inst/sel_r_reg[0]/Q (HIGH)

 There are 69 register/latch pins with no clock driven by root clock pin: instance_name/clk_div_inst/sel_r_reg[1]/Q (HIGH)

 There are 69 register/latch pins with no clock driven by root clock pin: instance_name/clk_div_inst/sel_r_reg[2]/Q (HIGH)

 There are 69 register/latch pins with no clock driven by root clock pin: instance_name/clk_div_inst/sel_r_reg[3]/Q (HIGH)

 There are 69 register/latch pins with no clock driven by root clock pin: instance_name/clk_div_inst/sel_r_reg[4]/Q (HIGH)


2. checking constant_clock (0)
------------------------------
 There are 0 register/latch pins with constant_clock.


3. checking pulse_width_clock (0)
---------------------------------
 There are 0 register/latch pins which need pulse_width check


4. checking unconstrained_internal_endpoints (586)
--------------------------------------------------
 There are 586 pins that are not constrained for maximum delay. (HIGH)

 There are 0 pins that are not constrained for maximum delay due to constant clock.


5. checking no_input_delay (8)
------------------------------
 There are 8 input ports with no input delay specified. (HIGH)

 There are 0 input ports with no input delay but user has a false path constraint.


6. checking no_output_delay (10)
--------------------------------
 There are 10 ports with no output delay specified. (HIGH)

 There are 0 ports with no output delay but user has a false path constraint

 There are 0 ports with no output delay but with a timing clock defined on it or propagating through it


7. checking multiple_clock (0)
------------------------------
 There are 0 register/latch pins with multiple clocks.


8. checking generated_clocks (0)
--------------------------------
 There are 0 generated clocks that are not connected to a clock source.


9. checking loops (0)
---------------------
 There are 0 combinational loops in the design.


10. checking partial_input_delay (0)
------------------------------------
 There are 0 input ports with partial input delay specified.


11. checking partial_output_delay (0)
-------------------------------------
 There are 0 ports with partial output delay specified.


12. checking latch_loops (0)
----------------------------
 There are 0 combinational latch loops in the design through latch input



------------------------------------------------------------------------------------------------
| Design Timing Summary
| ---------------------
------------------------------------------------------------------------------------------------

    WNS(ns)      TNS(ns)  TNS Failing Endpoints  TNS Total Endpoints      WHS(ns)      THS(ns)  THS Failing Endpoints  THS Total Endpoints     WPWS(ns)     TPWS(ns)  TPWS Failing Endpoints  TPWS Total Endpoints  
    -------      -------  ---------------------  -------------------      -------      -------  ---------------------  -------------------     --------     --------  ----------------------  --------------------  
      6.638        0.000                      0                   13        0.349        0.000                      0                   13        4.500        0.000                       0                    14  


All user specified timing constraints are met.


------------------------------------------------------------------------------------------------
| Clock Summary
| -------------
------------------------------------------------------------------------------------------------

Clock        Waveform(ns)       Period(ns)      Frequency(MHz)
-----        ------------       ----------      --------------
sys_clk_pin  {0.000 5.000}      10.000          100.000         


------------------------------------------------------------------------------------------------
| Intra Clock Table
| -----------------
------------------------------------------------------------------------------------------------

Clock             WNS(ns)      TNS(ns)  TNS Failing Endpoints  TNS Total Endpoints      WHS(ns)      THS(ns)  THS Failing Endpoints  THS Total Endpoints     WPWS(ns)     TPWS(ns)  TPWS Failing Endpoints  TPWS Total Endpoints  
-----             -------      -------  ---------------------  -------------------      -------      -------  ---------------------  -------------------     --------     --------  ----------------------  --------------------  
sys_clk_pin         6.638        0.000                      0                   13        0.349        0.000                      0                   13        4.500        0.000                       0                    14  


------------------------------------------------------------------------------------------------
| Inter Clock Table
| -----------------
------------------------------------------------------------------------------------------------

From Clock    To Clock          WNS(ns)      TNS(ns)  TNS Failing Endpoints  TNS Total Endpoints      WHS(ns)      THS(ns)  THS Failing Endpoints  THS Total Endpoints  
----------    --------          -------      -------  ---------------------  -------------------      -------      -------  ---------------------  -------------------  


------------------------------------------------------------------------------------------------
| Other Path Groups Table
| -----------------------
------------------------------------------------------------------------------------------------

Path Group    From Clock    To Clock          WNS(ns)      TNS(ns)  TNS Failing Endpoints  TNS Total Endpoints      WHS(ns)      THS(ns)  THS Failing Endpoints  THS Total Endpoints  
----------    ----------    --------          -------      -------  ---------------------  -------------------      -------      -------  ---------------------  -------------------  


------------------------------------------------------------------------------------------------
| Timing Details
| --------------
------------------------------------------------------------------------------------------------


---------------------------------------------------------------------------------------------------
From Clock:  sys_clk_pin
  To Clock:  sys_clk_pin

Setup :            0  Failing Endpoints,  Worst Slack        6.638ns,  Total Violation        0.000ns
Hold  :            0  Failing Endpoints,  Worst Slack        0.349ns,  Total Violation        0.000ns
PW    :            0  Failing Endpoints,  Worst Slack        4.500ns,  Total Violation        0.000ns
---------------------------------------------------------------------------------------------------


Max Delay Paths
--------------------------------------------------------------------------------------
Slack (MET) :             6.638ns  (required time - arrival time)
  Source:                 counter_reg[1]/C
                            (rising edge-triggered cell FDCE clocked by sys_clk_pin  {rise@0.000ns fall@5.000ns period=10.000ns})
  Destination:            counter_reg[8]/D
                            (rising edge-triggered cell FDCE clocked by sys_clk_pin  {rise@0.000ns fall@5.000ns period=10.000ns})
  Path Group:             sys_clk_pin
  Path Type:              Setup (Max at Slow Process Corner)
  Requirement:            10.000ns  (sys_clk_pin rise@10.000ns - sys_clk_pin rise@0.000ns)
  Data Path Delay:        3.420ns  (logic 1.950ns (57.018%)  route 1.470ns (42.982%))
  Logic Levels:           3  (CARRY4=2 LUT2=1)
  Clock Path Skew:        -0.025ns (DCD - SCD + CPR)
    Destination Clock Delay (DCD):    4.796ns = ( 14.796 - 10.000 ) 
    Source Clock Delay      (SCD):    5.088ns
    Clock Pessimism Removal (CPR):    0.268ns
  Clock Uncertainty:      0.035ns  ((TSJ^2 + TIJ^2)^1/2 + DJ) / 2 + PE
    Total System Jitter     (TSJ):    0.071ns
    Total Input Jitter      (TIJ):    0.000ns
    Discrete Jitter          (DJ):    0.000ns
    Phase Error              (PE):    0.000ns

    Location             Delay type                Incr(ns)  Path(ns)    Netlist Resource(s)
  -------------------------------------------------------------------    -------------------
                         (clock sys_clk_pin rise edge)
                                                      0.000     0.000 r  
    W5                                                0.000     0.000 r  clk (IN)
                         net (fo=0)                   0.000     0.000    clk
    W5                   IBUF (Prop_ibuf_I_O)         1.458     1.458 r  clk_IBUF_inst/O
                         net (fo=1, estimated)        1.967     3.425    clk_IBUF
    BUFGCTRL_X0Y2        BUFG (Prop_bufg_I_O)         0.096     3.521 r  clk_IBUF_BUFG_inst/O
                         net (fo=13, estimated)       1.567     5.088    clk_IBUF_BUFG
    SLICE_X38Y44         FDCE                                         r  counter_reg[1]/C
  -------------------------------------------------------------------    -------------------
    SLICE_X38Y44         FDCE (Prop_fdce_C_Q)         0.478     5.566 r  counter_reg[1]/Q
                         net (fo=2, estimated)        0.607     6.173    counter_reg_n_0_[1]
    SLICE_X39Y44         CARRY4 (Prop_carry4_S[0]_CO[3])
                                                      0.827     7.000 r  counter_reg[4]_i_2__0/CO[3]
                         net (fo=1, estimated)        0.000     7.000    counter_reg[4]_i_2__0_n_0
    SLICE_X39Y45         CARRY4 (Prop_carry4_CI_O[3])
                                                      0.313     7.313 r  counter_reg[8]_i_2__0/O[3]
                         net (fo=1, estimated)        0.863     8.176    data0[8]
    SLICE_X38Y45         LUT2 (Prop_lut2_I1_O)        0.332     8.508 r  counter[8]_i_1__0/O
                         net (fo=1, routed)           0.000     8.508    counter[8]
    SLICE_X38Y45         FDCE                                         r  counter_reg[8]/D
  -------------------------------------------------------------------    -------------------

                         (clock sys_clk_pin rise edge)
                                                     10.000    10.000 r  
    W5                                                0.000    10.000 r  clk (IN)
                         net (fo=0)                   0.000    10.000    clk
    W5                   IBUF (Prop_ibuf_I_O)         1.388    11.388 r  clk_IBUF_inst/O
                         net (fo=1, estimated)        1.869    13.257    clk_IBUF
    BUFGCTRL_X0Y2        BUFG (Prop_bufg_I_O)         0.091    13.348 r  clk_IBUF_BUFG_inst/O
                         net (fo=13, estimated)       1.448    14.796    clk_IBUF_BUFG
    SLICE_X38Y45         FDCE                                         r  counter_reg[8]/C
                         clock pessimism              0.268    15.063    
                         clock uncertainty           -0.035    15.028    
    SLICE_X38Y45         FDCE (Setup_fdce_C_D)        0.118    15.146    counter_reg[8]
  -------------------------------------------------------------------
                         required time                         15.146    
                         arrival time                          -8.508    
  -------------------------------------------------------------------
                         slack                                  6.638    





Min Delay Paths
--------------------------------------------------------------------------------------
Slack (MET) :             0.349ns  (arrival time - required time)
  Source:                 clk_32768Hz_reg/C
                            (rising edge-triggered cell FDCE clocked by sys_clk_pin  {rise@0.000ns fall@5.000ns period=10.000ns})
  Destination:            clk_32768Hz_reg/D
                            (rising edge-triggered cell FDCE clocked by sys_clk_pin  {rise@0.000ns fall@5.000ns period=10.000ns})
  Path Group:             sys_clk_pin
  Path Type:              Hold (Min at Fast Process Corner)
  Requirement:            0.000ns  (sys_clk_pin rise@0.000ns - sys_clk_pin rise@0.000ns)
  Data Path Delay:        0.485ns  (logic 0.209ns (43.084%)  route 0.276ns (56.916%))
  Logic Levels:           1  (LUT2=1)
  Clock Path Skew:        0.016ns (DCD - SCD - CPR)
    Destination Clock Delay (DCD):    2.149ns
    Source Clock Delay      (SCD):    1.646ns
    Clock Pessimism Removal (CPR):    0.487ns

    Location             Delay type                Incr(ns)  Path(ns)    Netlist Resource(s)
  -------------------------------------------------------------------    -------------------
                         (clock sys_clk_pin rise edge)
                                                      0.000     0.000 r  
    W5                                                0.000     0.000 r  clk (IN)
                         net (fo=0)                   0.000     0.000    clk
    W5                   IBUF (Prop_ibuf_I_O)         0.226     0.226 r  clk_IBUF_inst/O
                         net (fo=1, estimated)        0.829     1.056    clk_IBUF
    BUFGCTRL_X0Y2        BUFG (Prop_bufg_I_O)         0.026     1.082 r  clk_IBUF_BUFG_inst/O
                         net (fo=13, estimated)       0.564     1.646    clk_IBUF_BUFG
    SLICE_X38Y44         FDCE                                         r  clk_32768Hz_reg/C
  -------------------------------------------------------------------    -------------------
    SLICE_X38Y44         FDCE (Prop_fdce_C_Q)         0.164     1.810 r  clk_32768Hz_reg/Q
                         net (fo=2, estimated)        0.276     2.086    clk_32768Hz_OBUF
    SLICE_X38Y44         LUT2 (Prop_lut2_I1_O)        0.045     2.131 r  clk_32768Hz_i_1/O
                         net (fo=1, routed)           0.000     2.131    clk_32768Hz_i_1_n_0
    SLICE_X38Y44         FDCE                                         r  clk_32768Hz_reg/D
  -------------------------------------------------------------------    -------------------

                         (clock sys_clk_pin rise edge)
                                                      0.000     0.000 r  
    W5                                                0.000     0.000 r  clk (IN)
                         net (fo=0)                   0.000     0.000    clk
    W5                   IBUF (Prop_ibuf_I_O)         0.414     0.414 r  clk_IBUF_inst/O
                         net (fo=1, estimated)        0.873     1.287    clk_IBUF
    BUFGCTRL_X0Y2        BUFG (Prop_bufg_I_O)         0.029     1.316 r  clk_IBUF_BUFG_inst/O
                         net (fo=13, estimated)       0.833     2.149    clk_IBUF_BUFG
    SLICE_X38Y44         FDCE                                         r  clk_32768Hz_reg/C
                         clock pessimism             -0.487     1.662    
    SLICE_X38Y44         FDCE (Hold_fdce_C_D)         0.120     1.782    clk_32768Hz_reg
  -------------------------------------------------------------------
                         required time                         -1.782    
                         arrival time                           2.131    
  -------------------------------------------------------------------
                         slack                                  0.349    





Pulse Width Checks
--------------------------------------------------------------------------------------
Clock Name:         sys_clk_pin
Waveform(ns):       { 0.000 5.000 }
Period(ns):         10.000
Sources:            { clk }

Check Type        Corner  Lib Pin  Reference Pin  Required(ns)  Actual(ns)  Slack(ns)  Location       Pin
Min Period        n/a     BUFG/I   n/a            2.155         10.000      7.845      BUFGCTRL_X0Y2  clk_IBUF_BUFG_inst/I
Low Pulse Width   Fast    FDCE/C   n/a            0.500         5.000       4.500      SLICE_X38Y44   clk_32768Hz_reg/C
High Pulse Width  Slow    FDCE/C   n/a            0.500         5.000       4.500      SLICE_X38Y44   clk_32768Hz_reg/C



